[debug] [2022-02-11T15:27:26.629Z] ----------------------------------------------------------------------
[debug] [2022-02-11T15:27:26.636Z] Command:       C:\Program Files\nodejs\node.exe C:\Users\LENOVO\AppData\Roaming\npm\node_modules\firebase-tools\lib\bin\firebase.js init
[debug] [2022-02-11T15:27:26.638Z] CLI Version:   10.2.0
[debug] [2022-02-11T15:27:26.638Z] Platform:      win32
[debug] [2022-02-11T15:27:26.638Z] Node Version:  v14.17.6
[debug] [2022-02-11T15:27:26.641Z] Time:          Fri Feb 11 2022 20:57:26 GMT+0530 (India Standard Time)
[debug] [2022-02-11T15:27:26.642Z] ----------------------------------------------------------------------
[debug] 
[debug] [2022-02-11T15:27:26.923Z] > command requires scopes: ["email","openid","https://www.googleapis.com/auth/cloudplatformprojects.readonly","https://www.googleapis.com/auth/firebase","https://www.googleapis.com/auth/cloud-platform"]
[debug] [2022-02-11T15:27:26.924Z] > authorizing via signed-in user (rajansundaram47@gmail.com)
[info] 
     ######## #### ########  ######## ########     ###     ######  ########
     ##        ##  ##     ## ##       ##     ##  ##   ##  ##       ##
     ######    ##  ########  ######   ########  #########  ######  ######
     ##        ##  ##    ##  ##       ##     ## ##     ##       ## ##
     ##       #### ##     ## ######## ########  ##     ##  ######  ########

You're about to initialize a Firebase project in this directory:

  C:\Users\LENOVO

Before we get started, keep in mind:

  * You are initializing within an existing Firebase project directory

[info] 
=== Project Setup
[info] 
[info] First, let's associate this project directory with a Firebase project.
[info] You can create multiple project aliases by running firebase use --add, 
[info] but for now we'll just set up a default project.
[info] 
[debug] [2022-02-11T15:27:41.974Z] Using project from CLI flag: news-app-827d0
[debug] [2022-02-11T15:27:41.981Z] >>> [apiv2][query] GET https://firebase.googleapis.com/v1beta1/projects/news-app-827d0 [none]
[debug] [2022-02-11T15:27:42.616Z] <<< [apiv2][status] GET https://firebase.googleapis.com/v1beta1/projects/news-app-827d0 200
[debug] [2022-02-11T15:27:42.617Z] <<< [apiv2][body] GET https://firebase.googleapis.com/v1beta1/projects/news-app-827d0 {"projectId":"news-app-827d0","projectNumber":"891176433828","displayName":"news-app","name":"projects/news-app-827d0","resources":{"hostingSite":"news-app-827d0"},"state":"ACTIVE"}
[info] i  Using project news-app-827d0 (news-app) 
[info] 
=== Hosting Setup
[info] 
[info] Your public directory is the folder (relative to your project directory) that
[info] will contain Hosting assets to be uploaded with firebase deploy. If you
[info] have a build process for your assets, use your build's output directory.
[info] 
[debug] [2022-02-11T15:29:46.481Z] ----------------------------------------------------------------------
[debug] [2022-02-11T15:29:46.490Z] Command:       C:\Program Files\nodejs\node.exe C:\Users\LENOVO\AppData\Roaming\npm\node_modules\firebase-tools\lib\bin\firebase.js init
[debug] [2022-02-11T15:29:46.491Z] CLI Version:   10.2.0
[debug] [2022-02-11T15:29:46.491Z] Platform:      win32
[debug] [2022-02-11T15:29:46.492Z] Node Version:  v14.17.6
[debug] [2022-02-11T15:29:46.495Z] Time:          Fri Feb 11 2022 20:59:46 GMT+0530 (India Standard Time)
[debug] [2022-02-11T15:29:46.495Z] ----------------------------------------------------------------------
[debug] 
[debug] [2022-02-11T15:29:46.757Z] > command requires scopes: ["email","openid","https://www.googleapis.com/auth/cloudplatformprojects.readonly","https://www.googleapis.com/auth/firebase","https://www.googleapis.com/auth/cloud-platform"]
[debug] [2022-02-11T15:29:46.758Z] > authorizing via signed-in user (rajansundaram47@gmail.com)
[info] 
     ######## #### ########  ######## ########     ###     ######  ########
     ##        ##  ##     ## ##       ##     ##  ##   ##  ##       ##
     ######    ##  ########  ######   ########  #########  ######  ######
     ##        ##  ##    ##  ##       ##     ## ##     ##       ## ##
     ##       #### ##     ## ######## ########  ##     ##  ######  ########

You're about to initialize a Firebase project in this directory:

  C:\Users\LENOVO

Before we get started, keep in mind:

  * You are initializing within an existing Firebase project directory

[info] 
=== Project Setup
[info] 
[info] First, let's associate this project directory with a Firebase project.
[info] You can create multiple project aliases by running firebase use --add, 
[info] but for now we'll just set up a default project.
[info] 
[debug] [2022-02-11T15:29:54.758Z] Using project from CLI flag: news-app-827d0
[debug] [2022-02-11T15:29:54.767Z] >>> [apiv2][query] GET https://firebase.googleapis.com/v1beta1/projects/news-app-827d0 [none]
[debug] [2022-02-11T15:29:55.624Z] <<< [apiv2][status] GET https://firebase.googleapis.com/v1beta1/projects/news-app-827d0 200
[debug] [2022-02-11T15:29:55.625Z] <<< [apiv2][body] GET https://firebase.googleapis.com/v1beta1/projects/news-app-827d0 {"projectId":"news-app-827d0","projectNumber":"891176433828","displayName":"news-app","name":"projects/news-app-827d0","resources":{"hostingSite":"news-app-827d0"},"state":"ACTIVE"}
[info] i  Using project news-app-827d0 (news-app) 
[info] 
=== Hosting Setup
[info] 
[info] Your public directory is the folder (relative to your project directory) that
[info] will contain Hosting assets to be uploaded with firebase deploy. If you
[info] have a build process for your assets, use your build's output directory.
[info] 
[debug] [2022-02-11T15:36:42.636Z] Error: kill ENOSYS
    at process.kill (internal/process/per_thread.js:200:13)
    at process.listener (C:\Users\LENOVO\AppData\Roaming\npm\node_modules\firebase-tools\node_modules\signal-exit\index.js:95:15)
    at process.emit (events.js:400:28)
[error] 
[error] Error: An unexpected error has occurred.
